2430.45
1868.30
1354.47
459.48
395.92
268.87
182.32
136.12
133.33
126.26
124.98
123.71
117.10
116.37
94.24
87.79
67.63
67.26
66.65
65.83
58.67
57.50
56.62
54.19
48.93
48.73
47.40
45.85
45.37
45.20
44.96
44.72
44.50
43.99
43.89
43.89
40.80
40.19
38.90
35.80
33.63
31.46
30.23
27.22
26.78
26.59
26.30
25.72
23.16
22.69
22.38
22.35
22.10
21.82
21.81
21.81
21.30
18.57
16.81
15.47
15.33
15.02
14.50
13.80
13.46
13.34
13.26
13.17
13.17
13.17
11.34
11.31
10.41
9.86
9.26
9.20
9.01
9.00
8.98
8.94
8.87
8.85
8.78
8.78
8.78
8.39
8.17
7.97
7.20
7.08
6.75
6.65
6.54
6.53
5.89
5.89
5.72
5.02
