3361.63
1787.47
822.62
745.24
521.25
437.12
377.87
230.25
223.10
214.08
211.10
209.85
209.85
209.23
205.56
200.75
189.51
164.73
142.70
109.35
105.83
97.08
81.79
81.71
78.80
62.77
59.38
56.34
53.42
51.36
51.01
50.80
47.90
47.00
43.95
40.98
39.33
38.93
36.79
36.75
36.71
36.47
31.80
31.72
29.23
27.28
26.57
25.57
24.64
24.13
23.85
23.74
23.51
23.25
23.11
21.84
21.76
21.70
21.54
21.54
21.44
21.32
21.20
21.16
20.76
20.61
19.54
19.44
19.38
18.51
18.46
15.69
14.87
14.48
14.04
13.66
13.46
13.33
13.11
12.74
12.62
12.53
12.06
11.98
11.73
11.64
11.30
11.24
11.02
10.98
10.85
10.81
10.79
10.74
10.71
10.68
10.59
10.52
10.49
10.47
10.39
10.39
10.33
10.27
10.24
10.17
10.07
9.82
9.56
9.48
9.34
9.08
8.98
8.84
8.78
8.68
8.66
8.65
8.64
8.57
8.37
8.37
8.33
8.07
7.98
7.95
7.68
7.66
7.63
7.22
7.16
6.96
6.93
6.93
6.78
6.62
6.62
6.59
6.49
6.43
6.42
6.30
6.30
6.26
6.20
6.20
6.17
6.16
6.06
5.95
5.50
5.36
5.34
5.31
5.13
5.10
5.07
5.03
435.39
