3KNZ9i1dLNNqpBTKEkTgUQs6TNCd3bzuy6HwfoXACaRs
GUTxaEAhD2N4jWfWspBXaF8wFnUPxQhUDuEVab8T24tm
GrRG2dYEnLPJZBCxBrAZTsdrKWTCGDHXTJ2Wd6B1Lzjv
5SdHHn4Cz5Nb7EVK1jE1fMoBwDnAncCG7FZiHKTrhANu
HWstmhmp4DDdZCyU9QgQN2j8PpP5DGwmt23kEsuusuuK
AG25ARitey2E2kUoBHSRnUSWLNPErPsvMyGqQCVfQHFG
3g2X8fLNjBQ7CXNBTfjE4WcW5wQ3ee1YEDdyGgKybJbm
7wHuTjBrche1b1dtbjPryoAkfsxtuZazGeDbiMSrsHPc
8hEeWszgrA2XkRK4GH6zL4Qq5wJBwotwsB6VEweD8YEQ
3xF5EvLaDGUmGNFbYWZ6Bc8u835EanupDdLPuQu6cABW
Cs2xitsDqkb8BPgfDtYd43jSwmFR5voQ2UqAPb9JF73j
ZScUtSLBGyKUN2zcaFV4dsM97aFVpLSfrtTj5etgmJr
7sGayKe7zWQ72PGRLWfQH1AtMUGkoTiG8swKZCYMmUn8
C35WVe5uAj5UMSi2HEG1V5RqPkvwJ4uudxM4hixr5KdS
517cQpvm7aqKJ3ZhPocppto3QnqKHRH5jDhiSMHnqUDN
WVBQZAsiZqPVWFmLmkCidpbrQvU1Y4tSpsBeBEp1hQG
DusP9KWaxZFi61g2G7xctrh9qW2NF4v2S4DD5HLcnDcQ
BGAib8A6Dv1W4H3CqUPDVc8w1Ru6GszcZo7VSywBcEX9
6igXx1W5d8WpgUsNCbqiZgzBqG5dLBgqhBC5VKcU3T1e
Hio6PkKbgnKs7fiamvbe118WuoCcYL7vgb4oUF9NoKy5
A9c5icbj9GuTLhrg93nRwkENqPZNcSBBfvPxXcqB9X7Z
Cgfd6Y9rvA2ApgsPPypKsoBw3LyHGNSb19iGTPJgx2Z2
7VD6TVNCwj7BsfG4mcy3xVSCBNRVhBBQn4NtxC9mKp7z
Bgx5BQnrxxSYkFamwXaJEkvho5gKHH881kLKR7uxqoBW
2RbKZjkqrEUFPTxCc4DDg7ZaWW8QxftKuuQ9W44YvGcK
HbnLEHWr1JjVKH82RPYriMLMQXfR6EM22ynndJZ2LMY1
EijiDR9zwARB4RJhGK2mcoQxibNfh7kCrLwj9WNKpJ2J
7N6piuSaRdjTLfmp3EhHJdSyy8FaVZ4XxfSq34uH6Hv6
FQnJRA6XCLRpcexUyy5kpxtE1mRcbKZCjQvAo388Xbqc
fJgXL6DtWQwbv74997HkNY56JnUH7Kf2R3VSoY1Qe69
G4oZr6bBCW3TNGXemv6osfVZs7jQPeNPH17crmBUEyLL
4jphBN8fmUsocvC4ArMrB9Moicyo1ZuPSNBmGHFpPmbA
4YVH3TMmMSxZHd2js532fketX1DspXZLjoF6FUbmBjVJ
aJRksKcBxTYB1zqKxsZDTXFygMJ3MUPDE9h9XAXXaBt
9nvxWaidCJPgEiVNrZEB2xzgsf5eDcyQGqjAb6hV3Faf
CNTh1APUYhm477Mor2rk4mW61jb8nRmb1QbPacS8LxBA
GwUptrHSadX65z2b76n1zMzJnetCKeJc4mTs6rUi99fS
GB3rVKCuhX3rCrLNktEzxMDXQKJvT9BKh1jZ5VMAfk5q
DTToEXpyDRcU36HEFbmuvEihBshp4S8imKw3txNGEW8g
4ePg6zzTXDL39XMkfeKmLkuHo4FHGendTnRr694RWbDw
2kic8gYaNFrvvd1hJvmaHjLQExe4AoY9YUYR8PGFA3xB
DNpaVTkiQMiHgGXNMRzFpeVS9GwzZjQPGUxmZ2pEMakt
Cn4fv2ZL8ZFYFDEYNtwC6GkR5bApJevQVpGD3P41eezw
3eyYn7syXMGHqZ8NkSqetfdp9fWADyyELabGteDPTFFT
4F6J65BByd2eWHJ26RnMnR7vnxPqxNBF9EEJFwSHJsBW
CjhMULihdSYhAK8A1f6CRLo5u7JVVsP6YZTjbKS1c69F
2hxNSQQnzjDqzYtbLr3oJSEbBydxkCchnEQKdV234sBb
6FuFaX7vYro7kQcFF1U6Hved9x7B35Jwozrq4Y3Hoknf
F7D16oJCuC9Pq2NArwFu1AoB73LdLaSTDXwDD76wt8Ff
Ed3McSigpXNxPjx1qGPFrSXTt5eFKJ3PUQdCWjwLJuyG
4qKm9ehFu7cefpKFqCfMpk2Kwa3pgVZC6e2vPAJZyTCE
AfFwYWaxTfrmzEM5wZCHZAWb79YDv83KazFSrU1fHABL
EUepZkiDM8GYB69oNKxwDeCFDe15E89X2atoAfvAnhjN
CccdA3invTA3L3vunFyXXFvHFKF3ts593Wa55A2GKKyG
G1CCSvaB12RufyzkkpXNNZ4agYyPR1rBDdT3d6CXGE8k
9sShFAKxHQSbhRmSztqURgEi9F8KrAYuZ8TLAZhTiqJv
D53znUuQrjFaxkWmfH52JDyQQ9sugQgvqNAEgvAguzRN
3Z6fngG3jPgDvympkkYSpPHCZVDMTZ2maGbt3Wy97yfB
EpTJsnmia3h3VKQrZJR5KQrL26qpwXS1VjVBigfk2yb5
6UakuNYowcHvq2UkAdt89NhKQNSFfWA4oLG93FFwEPAD
4uZWCstgyj26eCzTy2Ro5fiyD5azqvCkqo4EQ8acnau3
GomHPvCxmfsWSeMHUDZpnePsm15BAGvidxjtmczpjSBD
HgxSyFcKL7R15Z9Vj2NPCG3tLXNGpbQeEd24V3PZ471s
CSFDK9FCbJYTahbUShGSbttxnuZxqmy7ACHVxGmHPPps
3NY5Hrvf3CqXreP4caFjVoYF4t41X4ybfwuBNyDKbaQy
77gwuRTfZ1NksHFuKrGwTikbCo9w1s4sdthzndsjfBrR
HXg2xDzpV3Tzk9x2dK62wXxw4EDAt4DLz3SCpZVd2xiF
7xqgbS3fU8qRMuESi6dJUXygHe7U1bvzDqD3uULrZZpK
74XXBvaKbgSFxMdwSasJE8p3szTsS69fZk6NmUY9cLdf
HisQcQxxdSUTpMrPLQdwfvknBGheQqLUBpToQrVdngsq
J2BysNJPZqbz29MfTAKUBR4nZ48avAsbxPLKEthy99yo
6hTpdC3udnoGLapS1Uxrt51sBRcDH3finesjETPqrHjK
EcS3yYXmucNgrTm5pJQrxA1NADNRHWrvGfXLBJ8AsjLQ
4p2ZjsJyQ5cmMmt2ViENEKYdZSWhvC64GEuyhVnBBL9H
E1iAeafp9XLQLCu9ErENUxZiNPWGQNCW3F3EDFbpZJvx
3dRhTSSGzGFamUkCtFuEbWNXEZQ8RKe92K79dvKczQm6
E3niFumbEy4HLLaH16gKYpZ9CnhjD3vjBvw4TMyeQryk
9bkkeNJL9LjNiWpvNUUPQy3job8KP9KDtNX5DuT7muGP
FXBwzxYN3GvWJwXjpKMfnuQCF3by9CaL2j4r9qt8VqF4
GARxv8o7NbgBnoXJ8c49si6hdasgr3RUHGeT1WkQ2idz
Jydm6T8AcdiEcharc8YWt18BKN6VSsrMZ9LihWc6YS4
CzHqTDgk58QSc5znEizmMxtJvSm5P4K8SsaXQZDs5usJ
Aw8JjQcTCQX7hNJwMDm7KzF7rzQ1tDYzqrDkUYZEBeVU
7jAUNgXUi61zC2Kf4ze6tz63M5beCbiJX5KoRw3pM2ZY
3B2QG5eDRoaLxKPpM57JdLK4BL5T45q9bYZNtjc5Gx6t
2N14JcDVET2t2VoKfJ1K7R28pTJiLyhpb6GS6zFT9F7d
41F42Db679kycQDX1kxLJ8hutd35MnNkLbzJsuLXGiNs
CZiRHmqePKYP2hnWfuW6EsWsjYrsBdG91tXXXHs84JuF
7ozEZ85JShXE8nTYsbarXQEzSLcVUxbVBt5SYJtH5niK
3WSe6vkoYaK3bXsHS3HQa8cqssAJzLLnvMgNNV6bRYAU
4KBJfqekDQ1qXdj2uZF7F3QzUjBjdqDosNb55nUwbGmr
HnTgZezFLJVsNGuT68dKbzgdhTRzARJPkaFT6YQdJwXj
HNg6osNKwe2uTcKefBhbX9Sy73BDszw5EhWoHGENMDmE
CqkjZU58iqDgpruqbKzxMsDhBC3PCx9Q9Gn1cXDmgez8
DwmePe5umSWvsuQWqcZnbAu75Bm4B1XZCNrMGDxhVEgi
4qyZRHyT1UrVVpUYJFAK6yYrTBzdWhZThsV3AHTPVRr2
84DWEA4TiA2eTWv4RTwzdVULUPiPwFiCMmuyyyu5ZPpS
ES2XtYGREZgTs9NsCZUCjWso1YQcouysa1Ak2hTfJEkY
