FrrrZWDn7pCMiGoh35PVZbP8uV2n5nFFJx3uFuyKty2R
8YiVDTiEmVmPuehAFC6fsicjeJBv9sFoqxsQXqGCHS6N
7wA4xhF7y34AUfDnHMp3TQ8opR8MmceTKaZbr4mTuDBt
46NAjBDQZMQ3LW6kofZkYug2kLjDeiWW6ewUFAAMsB1S
DrJJaqDFVkxAggdirkvyn73PxDyme2HmEVUik9vGuXFK
ARLUXX6zqKUjjGqTJFVTiS8dTWEz1rD5SAFHBY9b17Rn
AwpGN89M7dZH7DR9LcoXHDnAWsLSa3c6FCneMqVgRVhr
rh4rKCs7BiwGSRR2chbpyjDSPQLK1MhHVYPhMtk9Hso
5LbyFnxPP1EHBxt6ttUToN7TWr2dS9UnsjPuQo71T9Rt
EnaYAXgHazfEDXCPiL57GU1J5iAhtYyXGoKFsZ5dpgMV
3dV2QXJiyzdme63VMzEa3hREVAgNzqhLzTDPPCUwgeBW
7WVYPnkyq26ocRsff2AwhHyBWg7YLKV7d5Ee8jVJKp9L
FrzY4483Hyq1nLutDrAaW3gamaSRK7Ki1BYAny9fgnNZ
ACmQPUQVCYfv1eykgMsKLyQWtzqj6mP9CFxcP5zzMkBu
ELJL2KGPWuHsUeGtdEJNp4YsrTGbcojyS5KhgqAVpwBh
GHyf459nsznAA697VpnFgxeLBFwwv9SdEki6EGGxtL6Y
BcMgwuZrorHzL3xnoKtaNMMZ41mqZ9tsuEdgMyqggzuc
Ba3ApDtYWrfsi3SuybTzA9Wmg14K59Eq8A9zL6GMJxYe
A4HWnn2sCoMcojH5AiBZcpeREp8o5U9acq2fP11bzeuM
52cuvuHNX4RTAj5seU4zRxUk1dz4KpPcqXPEx1wh5HdS
9EiruY4kkxUR8bAfFBcGbwcFz2AJfqLcqD6rgLTMivzP
3xF5EvLaDGUmGNFbYWZ6Bc8u835EanupDdLPuQu6cABW
CL2JZC5qKtJQu2fisjCRb5N83EinjwahGAUYFdQAW4GN
DusP9KWaxZFi61g2G7xctrh9qW2NF4v2S4DD5HLcnDcQ
8MtYFYo2xJcKre46Bq5uGgeRgKkbyLBYddiCqkKJuNuN
5ijJPoC1PPbrqsvNAcne9h5NGgYBVmyV5PdqL5vjUr5D
D1weMLg4rdoC81xAipHqBEdisBjPMmwWis4EPGdtcZba
CvNxc1iJDDSN62Rm2xAwPtxDazFjhoZzdQ74SkTiv7KN
5e4fp5hjFzdxYWmrEsX8n1heHaY4bZvzUN1vVeqsPRDs
4qYqKz1iQgdYLWv7hjRKWe9D7696MpTdwY9sqcu29eJP
9j8axKc1EkyNMegpgzZ4kqnR4ZCVp6ZezSGt1neo2Re9
CA9wceZvQUyYmfzhjxgYR51x34Jo7VTfXyijt6mWSzvE
CiSZ1jTcZ29SoX3tEUQmsjpVS4HRMpiy8a5QKQQsbCTk
Bmqm4HhVwB1WRZ43Vuh8fyhZQuFJd9KxkYKsX44rsAmk
JC3MbCwrT86ZW1ZkLrYxEKTZkkkXqnng674yyP33ibFT
GErAbBLU5MnBncyM61Wum1SGkjs1scCXXhgS4FzcG4ju
CQikhhQ9STuD1S3A45DGvUAtCdSs5pw2YwJ8Mk6U9Fs7
9T6bCVf7AshQP1NNbsF3eCdbChKbcfrFUPFWUXRijY5M
BGk4mi1bV2Zm1Yr97BFBdgvMBh7CsKRsnvwxSyaxYjKs
6hRagk452gHd9naLfHSV84eeRhn1HUGHe47Hyb9Spv3D
9a2PGGWfVj58PdStuGLePGdM8jUgTSUxjCkrpev6r2aY
Bgx5BQnrxxSYkFamwXaJEkvho5gKHH881kLKR7uxqoBW
4CnRdQNp2HnJLBijZ7TpzH5PEDyKg73bdN19fY8iYNuo
6VbqEJ2VzbpnTpvSLwmk8yv87ZVb7Yjng2CqEFivXdw2
3pJYfZDNyqfY2zS1PucJYUfcXDFwExyyD1qRX2cbp36H
AQG9Qxv2KtUZF2dxpymT29ox7KnXZJmx4UyWNSSCdfAk
CTgwTfirY2dtLbEBKYFe3T9KmeDLtf6QrHmtuAMwDTsP
FGmS8wiCUXGSeu8hCUj6wQZpZuPZZACikq9GEfLeoH5Z
CAwpXQ7qE4ncegrnMdreX1q54Ya3apj4zH8SS8vgYG5V
GU84fa2xJcosfUuznjn65GpotwMjQHacPvmSEqoALavv
9wiVvGNSmL5W92hruMru23G39Z4fxDmLdjGuQPormBqi
fJgXL6DtWQwbv74997HkNY56JnUH7Kf2R3VSoY1Qe69
J1sJjGqPDzegZ3MMxWJKZyVeU9WkjHo2C8v3F2jxBfG1
BF5ULurZ3G9ukzL9G8qmmtseDQ3KSTffkSV5TGByGkoj
C67GaRZQEFZThbBBSZovNkmpYyU9rFDG7BjL7aUAoLHt
GwUptrHSadX65z2b76n1zMzJnetCKeJc4mTs6rUi99fS
9hGoHunNAhZPFVErWq565YLAug9TKkCQDjQz4KScAFrk
9mSFaSJgQotHmL14xSMcRgNC9hnidNfGkyJ2fhvizKuj
6ni6RE4Zjx3i3THtySXtsLrtQC23io1YR4Y8eC3ryp1c
6hTpdC3udnoGLapS1Uxrt51sBRcDH3finesjETPqrHjK
2Qyjj3sSwU2nZNHyfWU5jdpAtUNQkc5bKtvRUaByEBsh
4qKm9ehFu7cefpKFqCfMpk2Kwa3pgVZC6e2vPAJZyTCE
Efy5qhrNWopwqbDEL9LvuBXDCaiGQfteiCY3tCtwGJXy
AzH6GVYrB4zWuCnah6N8JrSjHVi9P5N8Mq4cKq3gJnkv
F116hJUr53ay8mqiK8nci77L7Cnix9bh2txsdnTMWBho
A41fqMnDTCqRS4WeWVcdCtY3jAukN8JjfcTWeHsr98KZ
432DaYkzyf5EWRjJXHD7baJp3f95djNtSTtWPNg1VQUM
24CoH2cYsEPv3EpigCUjsqs26n1XeDrtHug4kwX7UZGD
GvtXZHZt5utPQ67ez3HLmbEtUXpspTi14y999aV7JKos
8VCVXafoAwhvyvrSXV1MPw3d1m9T8rEEWoRWzV4n3v89
BFaJuSN9SYQrDLF7PdV8NjsYf6jEdxKt49LwMCBwkgwc
AYB2cfYEuNqE6L4UTge948aM4qHkeMJhhTjxpnYPYWqA
DNpaVTkiQMiHgGXNMRzFpeVS9GwzZjQPGUxmZ2pEMakt
6df46H9p6knG9QovZvBh3Cj7tEaCT2RNk4FPwvq486rK
BmVHRDG8JRcwiKQXCPyxkkyFwsaGxDUSNYZoJkbwWtbZ
A6H48c775KFso9iV6PTQEec1yVbzHQcWgdFersvMqN2E
7VxEFziAx7xoYNe5Gyatv7pZd7V5TgcdWhVF4Y7Qq5o
De2yqHi79P6ScggXjf2pZnV81gRDTbGbuXmxuVB6HMeL
L45YunAagGpus6nMkdFpdiAo8rhDdjBZJYYJphvDpjZ
J4n4fjcNdzKz8UXVEKeseuTVoUAeuMTyFcrsrFzAdS4Y
ZpHC9bMWDrrC9scptszdp7Vvzi5UXp3yPDLSzUFhwio
E6gtYUmFLbfiEMyeHa9uQpoyS1bqH2Zi3SKYvTALkdvQ
3J2Uowphed2ctkMiXJ4itjxpyvh1RjChjDLV6KDf5eTb
4jfevPD5Q6NYCtBXCxcpxLWw4J2eydt71BB5uPG4eZJb
72tJUxfrnuaBRPd9RhPy7SrLhSbZvp48oZAV5cRZmxJV
6ZjtHNMHxaoXur8XMRMW6ss1rihpxnYeNmbjZ3rCPW2Y
CKpqGk6dX5j4un4bmBYEWrCK8R4HG3CoaDF9BvFVr43w
8DwH56jhaoSPt4sLArhUUAmqcCjQfApSBGQcuajmDVEE
HyuRUezi2BX9XsDTbwv3ho4h1uJs3Vtq9C7USDRnZRSy
DaiuhLjEVPirm7WcAZ3ntvB9BW3DuQRpbH1xVvwDFk5p
81XAwF8Mo31dgLsiyx27r72oEZrC4v6quczdwKMrhSKj
9HhcM8tHNMR7hnFjCMVhWcbVaDyTaBfpDbKV4RYQzoyz
EoLxrt1f4TyuQTAnHBrJeYgepv4euvoY2JzMGhoDBTCa
9QPbRAdStYSG6skf5GT8LekiA9dn3mgPQtoaNfS3B3A
8nT5j87NwK3TpPTpCc7cgb8EhQBUzgRLpyRE15oCh8X9
2jrL1mwGrLXR7mjz5FBMQ11KmVk32SdNGSvPbTmwhDZa
DLra7tbVwwS8JG5bn7E6rBU5b3tYwcRBzwDP93e6KmEk
2aEFLM7yLrvnuQpzXkwdF7YdYYNpTxQrZnytLZZmYf3Y
7KjktT2DeNNUBZu9NKgV98BuHFzpgocHT4y3yDHM2n9
AVVXQp588XpmB8AGi7WNs1thfxYZqu6hXucRV46E6nup
EgzRJHeqbfYsCL4VBZCsq2ZEpk5M7jzWc4n2N53SyFKJ
8uBdgX8okSM1heaxgaTL8pheVWmU8zTY4MLpaQ2Vabkm
12iLH65Ufye21dGuzRyeQNCzRbiXe99GY2HgeAfKHMA5
5CuGRLLuTNCKKjFFRFbUBWiyiGzBrGgaMsp2WomQvE29
B6i414VVxzsDNscMMQUX8B6MoGpyNHkgXQTPwPUpJeH8
Dv8eDMkM4mGUg87Uwku9jh5PdeckKEqGhTRDQhfifhHC
Yx7J7sM2ntwVCsLnjaogbiRG3CYtUxNGjWjtTNQGHwX
E3niFumbEy4HLLaH16gKYpZ9CnhjD3vjBvw4TMyeQryk
BHy4zdTN8Uur96EqGasAEd8En6v9Da3RFEMR6AWnpo63
2G9Mdj5rrA5fybW6sb1q3SEoP5cfZBjgu6h8AhVnHfjS
ABaA2vq1YY53xEZeMmSs6bDjbuepCeoJGGeBJSqD6i3C
C7mCpLshtJ2FuCGg3R67LA1nktH1wBmhkyPJYaFi8Zfh
DESJPcx47Wm7wsK9jW2FTn5YdfgK4Z2aPSR6zv1wnru6
BjirH321qaiK6hPhzpbhpQYiVHLnS8oYQrrH43bbeJ1t
4ChrPph2rCZ9bRqD6eo8xgeaKYMpypWyCDFB4aWUPqXp
E1iAeafp9XLQLCu9ErENUxZiNPWGQNCW3F3EDFbpZJvx
9fQTYU8MrbK9HrNfBJDrPrSGYFDfmB7wGPm9AiEqfyZy
84aRfcowEmnx4sNeLELqjyWNr4sfajnpuiGhQNDCQnZQ
Bh2mkMfNsTHvZWCdffaH7ru1Uduy6ysAU79Qg8prmPhV
6qDt4FYwn6J1FeajPqfFXz8xvuhQjtcnjay6hD6jfwyB
3C2MZQKh9x4zNTCMbhhvoafGaFMwUooqfy9MCgPyXs6E
3AAC8uMMZ6zyA2fRoGYshWoZMzy4fzxWmNXPKFzNG4qi
ywn8qUpuMwjCPWXDGRj1sUKKUYJrApKpmx2p3GrXbcb
2TGaPLxbFVgp2T2UycxEexbifxGeKbQGDVfiy2xZnoMN
8Zizbq1Pu8PQbpDi9sbLSWdzpGwT7B6EZZbGEAUcFYTn
85qepNu8uYCDr3VeAsC1Q3gPC7QGUNTqrtNzzLuds8Bw
7gPYjdDzsYsv63yEJVP5udhCD1Yqg8Cs1h4H5Z3La62B
mAoHw5F4EAxn8XVY4mREYyETtn92S6iU9r6JrAU2Jm9
HXhviZzhtAA11j4Gp4bDmn4eoc9X3BXbt14ucWSR4aPY
A6u3k4QP9h9pQuQRydYh21MXbPpV3x1cVRZziVfud4vT
GZM4y4uBvmuKKWRA41vpGNGiAKRchLBknMSx23xdwUbJ
FKSPZvLju463oZ2FMEghxnYZ5379yWicsr1fqKmdCjQn
DdRZBhfRJnmuvdzaBiisLXpGX2umf3oyRVtWFgheaUnT
3hTK1xJ9r4V4icoHJQ6QK9PjdKhY73Rhnkds5xd8rXrB
r5QZPz6YgD8R3XzkRwezy7P1zPp2k1BsScToM3F3Hgn
G1FaFpHdxXqJDdRNE9tR3XbnVKW4cK3gtaHYSL3wLs3i
2gaCFRJMqq8ZSvkArknNLeTeoif2xLmcKt9BcLjTXh6B
D43HWQ5abobvNnUukh36G3U7HBd234GkSHwDx2n5aXG4
Ewwa1U4rvp6ix82zNuFZwv27G1yy3c6uSuoAv1jvmPNR
FUsrrtNuPkWcvhR4GNRkX4sNcxxuzFYuoMtzi9wDkB6S
5gV1kbvuMUvLp1rZRH2o79BvS5JCzqPxaqnQXyLiL3Ge
EGMpNSRTkfAeCKisyDhJqfwhzGTGsfREswsB5GhDPvTy
DhdMBVK3GxNBMGiMSAs62ZXrMgDR4WbounzkHWss8gtn
8GutUetUim7K6buC3q8kMgvfWvYjwRFDxtDZ4DTLLNZy
3TzTrM37j7n1o7skHTqB599FBYSBaNhdaSa66fsnwVu9
F7RzM1WXXUB7p4rDmJQdUnUnsVdoiHh3gfcvGagPjfhz
GZnBcXAj8rS6g931drgGMGyrvzSctz3WYxftTfwP3mNP
FSNMxE4feV3DJSGfaqUHeupft8QczwzYuv3kMDYdZqVb
73h6Uzk7tGM4LEncPzyXJEoFtMT6NEvtj1oAwpLTZu1b
G1CCSvaB12RufyzkkpXNNZ4agYyPR1rBDdT3d6CXGE8k
38cNrYZGUejmRs6qjypcicU65bRDHs4fEZtjuSX61sSN
HyGZ2thewvufHEspQBt5mG6UbCswiFkX8VrzSbAicUeb
5tHNyNQFvJRmXrVoj12S6mpXK8WAUzgM6JUALMb6TRuf
2kic8gYaNFrvvd1hJvmaHjLQExe4AoY9YUYR8PGFA3xB
7G1enbxCvj3foL2BLiWRfppmZJDE1yB18T3jYCeZsNC1
EVkjuLVohTtzCjvGv9V854EnrkJnY5RJ8dUGgrLNidiH
H6rL44XUtSmnCfv2jfDX2mLefdhBxCgq7ZGshB5gKeMN
3qUpFZWpEEPvZq5xjnpBKvMHa8sxvjdBwKJ4sACZJ8wt
7FkVHPNHTJ8Kz361kus3pVBwGEnoKGy3KfJJQ1QfHv7
